[2026-03-04 01:48:43] Function: App\Models\LogsModel::newLog
PDOException: PDOException
Message: SQLSTATE[42S02]: Base table or view not found: 1146 Table 'pdvix_crm.historico' doesn't exist
MySQL Code: 1146 (Tabela não existe)
File: C:\xampp\pdvix_crm\App\Models\LogsModel.php
Line: 24
Trace: #0 C:\xampp\pdvix_crm\App\Models\LogsModel.php(24): PDOStatement->execute(Array)
#1 C:\xampp\pdvix_crm\App\Controllers\AuthController.php(125): App\Models\LogsModel->newLog(Array)
#2 C:\xampp\pdvix_crm\App\Controllers\AuthController.php(91): App\Controllers\AuthController->finalizarLogin(Object(stdClass))
#3 C:\xampp\pdvix_crm\public\index.php(15): App\Controllers\AuthController->authentication()
#4 {main}
JSON System: {
    "userWhoSent": "",
    "input": {
        "usuario": "12345678999",
        "tipo_atividade": "login",
        "log": "Efetuou login no sistema.",
        "ip": "::1",
        "data": "2026-03-04"
    }
}


[2026-03-04 01:55:58] Function: App\Models\LogsModel::newLog
PDOException: PDOException
Message: SQLSTATE[42S02]: Base table or view not found: 1146 Table 'pdvix_crm.historico' doesn't exist
MySQL Code: 1146 (Tabela não existe)
File: C:\xampp\pdvix_crm\App\Models\LogsModel.php
Line: 24
Trace: #0 C:\xampp\pdvix_crm\App\Models\LogsModel.php(24): PDOStatement->execute(Array)
#1 C:\xampp\pdvix_crm\App\Controllers\AuthController.php(125): App\Models\LogsModel->newLog(Array)
#2 C:\xampp\pdvix_crm\App\Controllers\AuthController.php(91): App\Controllers\AuthController->finalizarLogin(Object(stdClass))
#3 C:\xampp\pdvix_crm\public\index.php(15): App\Controllers\AuthController->authentication()
#4 {main}
JSON System: {
    "userWhoSent": "",
    "input": {
        "usuario": "12345678999",
        "tipo_atividade": "login",
        "log": "Efetuou login no sistema.",
        "ip": "::1",
        "data": "2026-03-04"
    }
}


[2026-03-04 03:38:07] Function: App\Models\EstoqueModel::registrarMovimentacao
PDOException: PDOException
Message: SQLSTATE[23000]: Integrity constraint violation: 1048 Column 'codigo_barras_usado' cannot be null
MySQL Code: 1048 (Erro MySQL não catalogado)
File: C:\xampp\pdvix_crm\App\Models\EstoqueModel.php
Line: 156
Trace: #0 C:\xampp\pdvix_crm\App\Models\EstoqueModel.php(156): PDOStatement->execute(Array)
#1 C:\xampp\pdvix_crm\App\Services\VendaService.php(139): App\Models\EstoqueModel->registrarMovimentacao(Array)
#2 C:\xampp\pdvix_crm\App\Controllers\VendaController.php(78): App\Services\VendaService->criarVenda(Array, Array, 1)
#3 C:\xampp\pdvix_crm\App\Controllers\VendaController.php(39): App\Controllers\VendaController->createVenda()
#4 C:\xampp\pdvix_crm\public\index.php(15): App\Controllers\VendaController->index()
#5 {main}
JSON System: {
    "input": {
        "produto_id": 1,
        "tipo_movimento": "SAIDA",
        "quantidade": 1,
        "unidade_origem": "UN",
        "referencia_id": 1,
        "origem": "VENDA",
        "usuario_id": 1
    }
}


[2026-03-04 03:38:34] Function: App\Models\EstoqueModel::registrarMovimentacao
PDOException: PDOException
Message: SQLSTATE[23000]: Integrity constraint violation: 1048 Column 'codigo_barras_usado' cannot be null
MySQL Code: 1048 (Erro MySQL não catalogado)
File: C:\xampp\pdvix_crm\App\Models\EstoqueModel.php
Line: 156
Trace: #0 C:\xampp\pdvix_crm\App\Models\EstoqueModel.php(156): PDOStatement->execute(Array)
#1 C:\xampp\pdvix_crm\App\Services\VendaService.php(139): App\Models\EstoqueModel->registrarMovimentacao(Array)
#2 C:\xampp\pdvix_crm\App\Controllers\VendaController.php(78): App\Services\VendaService->criarVenda(Array, Array, 1)
#3 C:\xampp\pdvix_crm\App\Controllers\VendaController.php(39): App\Controllers\VendaController->createVenda()
#4 C:\xampp\pdvix_crm\public\index.php(15): App\Controllers\VendaController->index()
#5 {main}
JSON System: {
    "input": {
        "produto_id": 1,
        "tipo_movimento": "SAIDA",
        "quantidade": 1,
        "unidade_origem": "UN",
        "referencia_id": 2,
        "origem": "VENDA",
        "usuario_id": 1
    }
}


[2026-03-04 03:47:26] Function: App\Models\LogsModel::newLog
PDOException: PDOException
Message: SQLSTATE[42S02]: Base table or view not found: 1146 Table 'pdvix_crm.historico' doesn't exist
MySQL Code: 1146 (Tabela não existe)
File: C:\xampp\pdvix_crm\App\Models\LogsModel.php
Line: 24
Trace: #0 C:\xampp\pdvix_crm\App\Models\LogsModel.php(24): PDOStatement->execute(Array)
#1 C:\xampp\pdvix_crm\App\Controllers\AuthController.php(125): App\Models\LogsModel->newLog(Array)
#2 C:\xampp\pdvix_crm\App\Controllers\AuthController.php(91): App\Controllers\AuthController->finalizarLogin(Object(stdClass))
#3 C:\xampp\pdvix_crm\public\index.php(15): App\Controllers\AuthController->authentication()
#4 {main}
JSON System: {
    "userWhoSent": "",
    "input": {
        "usuario": "12345678999",
        "tipo_atividade": "login",
        "log": "Efetuou login no sistema.",
        "ip": "::1",
        "data": "2026-03-04"
    }
}


[2026-03-04 07:50:13] Function: App\Models\LogsModel::newLog
PDOException: PDOException
Message: SQLSTATE[42S02]: Base table or view not found: 1146 Table 'pdvix_crm.historico' doesn't exist
MySQL Code: 1146 (Tabela não existe)
File: C:\xampp\pdvix_crm\App\Models\LogsModel.php
Line: 24
Trace: #0 C:\xampp\pdvix_crm\App\Models\LogsModel.php(24): PDOStatement->execute(Array)
#1 C:\xampp\pdvix_crm\App\Controllers\AuthController.php(125): App\Models\LogsModel->newLog(Array)
#2 C:\xampp\pdvix_crm\App\Controllers\AuthController.php(91): App\Controllers\AuthController->finalizarLogin(Object(stdClass))
#3 C:\xampp\pdvix_crm\public\index.php(15): App\Controllers\AuthController->authentication()
#4 {main}
JSON System: {
    "userWhoSent": "",
    "input": {
        "usuario": "12345678999",
        "tipo_atividade": "login",
        "log": "Efetuou login no sistema.",
        "ip": "::1",
        "data": "2026-03-04"
    }
}


[2026-03-04 07:54:53] Function: App\Models\EstoqueModel::registrarMovimentacao
PDOException: PDOException
Message: SQLSTATE[23000]: Integrity constraint violation: 1048 Column 'codigo_barras_usado' cannot be null
MySQL Code: 1048 (Erro MySQL não catalogado)
File: C:\xampp\pdvix_crm\App\Models\EstoqueModel.php
Line: 219
Trace: #0 C:\xampp\pdvix_crm\App\Models\EstoqueModel.php(219): PDOStatement->execute(Array)
#1 C:\xampp\pdvix_crm\App\Services\VendaService.php(139): App\Models\EstoqueModel->registrarMovimentacao(Array)
#2 C:\xampp\pdvix_crm\App\Controllers\VendaController.php(78): App\Services\VendaService->criarVenda(Array, Array, 1)
#3 C:\xampp\pdvix_crm\App\Controllers\VendaController.php(39): App\Controllers\VendaController->createVenda()
#4 C:\xampp\pdvix_crm\public\index.php(15): App\Controllers\VendaController->index()
#5 {main}
JSON System: {
    "input": {
        "produto_id": 1,
        "tipo_movimento": "SAIDA",
        "quantidade": 1,
        "unidade_origem": "UN",
        "referencia_id": 3,
        "origem": "VENDA",
        "usuario_id": 1
    }
}


[2026-03-04 07:55:58] Function: App\Models\EstoqueModel::registrarMovimentacao
PDOException: PDOException
Message: SQLSTATE[23000]: Integrity constraint violation: 1048 Column 'codigo_barras_usado' cannot be null
MySQL Code: 1048 (Erro MySQL não catalogado)
File: C:\xampp\pdvix_crm\App\Models\EstoqueModel.php
Line: 219
Trace: #0 C:\xampp\pdvix_crm\App\Models\EstoqueModel.php(219): PDOStatement->execute(Array)
#1 C:\xampp\pdvix_crm\App\Services\VendaService.php(139): App\Models\EstoqueModel->registrarMovimentacao(Array)
#2 C:\xampp\pdvix_crm\App\Controllers\VendaController.php(78): App\Services\VendaService->criarVenda(Array, Array, 1)
#3 C:\xampp\pdvix_crm\App\Controllers\VendaController.php(39): App\Controllers\VendaController->createVenda()
#4 C:\xampp\pdvix_crm\public\index.php(15): App\Controllers\VendaController->index()
#5 {main}
JSON System: {
    "input": {
        "produto_id": 1,
        "tipo_movimento": "SAIDA",
        "quantidade": 1,
        "unidade_origem": "UN",
        "referencia_id": 4,
        "origem": "VENDA",
        "usuario_id": 1
    }
}


[2026-03-04 20:27:12] Function: App\Models\EstoqueModel::registrarMovimentacao
PDOException: PDOException
Message: SQLSTATE[23000]: Integrity constraint violation: 1048 Column 'codigo_barras_usado' cannot be null
MySQL Code: 1048 (Erro MySQL não catalogado)
File: C:\xampp\pdvix_crm\App\Models\EstoqueModel.php
Line: 243
Trace: #0 C:\xampp\pdvix_crm\App\Models\EstoqueModel.php(243): PDOStatement->execute(Array)
#1 C:\xampp\pdvix_crm\App\Services\VendaService.php(139): App\Models\EstoqueModel->registrarMovimentacao(Array)
#2 C:\xampp\pdvix_crm\App\Controllers\VendaController.php(78): App\Services\VendaService->criarVenda(Array, Array, 1)
#3 C:\xampp\pdvix_crm\App\Controllers\VendaController.php(39): App\Controllers\VendaController->createVenda()
#4 C:\xampp\pdvix_crm\public\index.php(15): App\Controllers\VendaController->index()
#5 {main}
JSON System: {
    "input": {
        "produto_id": 2,
        "tipo_movimento": "SAIDA",
        "quantidade": 1,
        "unidade_origem": "UN",
        "referencia_id": 5,
        "origem": "VENDA",
        "usuario_id": 1
    }
}


[2026-03-04 20:27:17] Function: App\Models\EstoqueModel::registrarMovimentacao
PDOException: PDOException
Message: SQLSTATE[23000]: Integrity constraint violation: 1048 Column 'codigo_barras_usado' cannot be null
MySQL Code: 1048 (Erro MySQL não catalogado)
File: C:\xampp\pdvix_crm\App\Models\EstoqueModel.php
Line: 243
Trace: #0 C:\xampp\pdvix_crm\App\Models\EstoqueModel.php(243): PDOStatement->execute(Array)
#1 C:\xampp\pdvix_crm\App\Services\VendaService.php(139): App\Models\EstoqueModel->registrarMovimentacao(Array)
#2 C:\xampp\pdvix_crm\App\Controllers\VendaController.php(78): App\Services\VendaService->criarVenda(Array, Array, 1)
#3 C:\xampp\pdvix_crm\App\Controllers\VendaController.php(39): App\Controllers\VendaController->createVenda()
#4 C:\xampp\pdvix_crm\public\index.php(15): App\Controllers\VendaController->index()
#5 {main}
JSON System: {
    "input": {
        "produto_id": 2,
        "tipo_movimento": "SAIDA",
        "quantidade": 1,
        "unidade_origem": "UN",
        "referencia_id": 6,
        "origem": "VENDA",
        "usuario_id": 1
    }
}


[2026-03-04 20:27:24] Function: App\Models\EstoqueModel::registrarMovimentacao
PDOException: PDOException
Message: SQLSTATE[23000]: Integrity constraint violation: 1048 Column 'codigo_barras_usado' cannot be null
MySQL Code: 1048 (Erro MySQL não catalogado)
File: C:\xampp\pdvix_crm\App\Models\EstoqueModel.php
Line: 243
Trace: #0 C:\xampp\pdvix_crm\App\Models\EstoqueModel.php(243): PDOStatement->execute(Array)
#1 C:\xampp\pdvix_crm\App\Services\VendaService.php(139): App\Models\EstoqueModel->registrarMovimentacao(Array)
#2 C:\xampp\pdvix_crm\App\Controllers\VendaController.php(78): App\Services\VendaService->criarVenda(Array, Array, 1)
#3 C:\xampp\pdvix_crm\App\Controllers\VendaController.php(39): App\Controllers\VendaController->createVenda()
#4 C:\xampp\pdvix_crm\public\index.php(15): App\Controllers\VendaController->index()
#5 {main}
JSON System: {
    "input": {
        "produto_id": 2,
        "tipo_movimento": "SAIDA",
        "quantidade": 1,
        "unidade_origem": "UN",
        "referencia_id": 7,
        "origem": "VENDA",
        "usuario_id": 1
    }
}


